Change Component Comment : Designator= Old Comment= New Comment=0.5pF
Change Component Comment : Designator= Old Comment= New Comment=0.8pF
Change Component Comment : Designator= Old Comment= New Comment=0
Change Component Comment : Designator= Old Comment= New Comment=1.0µF
Change Component Comment : Designator= Old Comment= New Comment=1.0µF
Change Component Comment : Designator= Old Comment= New Comment=1.5pF
Change Component Comment : Designator= Old Comment= New Comment=2.2nF 50V
Change Component Comment : Designator= Old Comment= New Comment=4.7nH
Change Component Comment : Designator= Old Comment= New Comment=4.7µF
Change Component Comment : Designator= Old Comment= New Comment=4.7µF
Change Component Comment : Designator= Old Comment= New Comment=4.7µF
Change Component Comment : Designator= Old Comment= New Comment=12pF
Change Component Comment : Designator= Old Comment= New Comment=12pF
Change Component Comment : Designator= Old Comment= New Comment=12pF
Change Component Comment : Designator= Old Comment= New Comment=12pF
Change Component Comment : Designator= Old Comment= New Comment=32.768kHz
Change Component Comment : Designator= Old Comment= New Comment=32MHz
Change Component Comment : Designator= Old Comment= New Comment=100nF
Change Component Comment : Designator= Old Comment= New Comment=100nF
Change Component Comment : Designator= Old Comment= New Comment=100nF
Change Component Comment : Designator= Old Comment= New Comment=100nF
Change Component Comment : Designator= Old Comment= New Comment=100nF
Change Component Comment : Designator= Old Comment= New Comment=100nF
Change Component Comment : Designator= Old Comment= New Comment=100nF
Change Component Comment : Designator= Old Comment= New Comment=100nF
Change Component Comment : Designator= Old Comment= New Comment=100nF
Change Component Comment : Designator= Old Comment= New Comment=100pF
Change Component Comment : Designator= Old Comment= New Comment=820pF
Change Component Comment : Designator= Old Comment= New Comment=431181015816
Change Component Comment : Designator= Old Comment= New Comment=431181015816
Change Component Comment : Designator= Old Comment= New Comment=431181015816
Change Component Comment : Designator= Old Comment= New Comment=Antenna dependent
Change Component Comment : Designator= Old Comment= New Comment=Antenna dependent
Change Component Comment : Designator= Old Comment= New Comment=Antenna dependent
Change Component Comment : Designator= Old Comment= New Comment=Antenna dependent
Change Component Comment : Designator= Old Comment= New Comment=BME280
Change Component Comment : Designator= Old Comment= New Comment=BU2032SM-BT-GTR; BS-06-B4AK001
Change Component Comment : Designator= Old Comment= New Comment=DEBUG
Change Component Comment : Designator= Old Comment= New Comment=LTST-C190GKT
Change Component Comment : Designator= Old Comment= New Comment=MPU-6050
Change Component Comment : Designator= Old Comment= New Comment=N.C.
Change Component Comment : Designator= Old Comment= New Comment=N.C.
Change Component Comment : Designator= Old Comment= New Comment=N.C.
Change Component Comment : Designator= Old Comment= New Comment=NFC Antenna
Change Component Comment : Designator= Old Comment= New Comment=nRF52840-QIAA
Change Component Comment : Designator= Old Comment= New Comment=Resistor 1K +/-5 % 0402 63 mW
Change Component Comment : Designator= Old Comment= New Comment=Resistor 1K +/-5 % 0402 63 mW
Change Component Comment : Designator= Old Comment= New Comment=Resistor 1K +/-5 % 0402 63 mW
Change Component Comment : Designator= Old Comment= New Comment=Resistor 1K +/-5 % 0402 63 mW
Change Component Comment : Designator= Old Comment= New Comment=Resistor 4k7 +/-1% 0603 100 mW
Change Component Comment : Designator= Old Comment= New Comment=Resistor 4k7 +/-1% 0603 100 mW
Change Component Comment : Designator= Old Comment= New Comment=TPAD6R
Change Component Comment : Designator= Old Comment= New Comment=TPAD6R
Change Component Comment : Designator= Old Comment= New Comment=TPAD6R
Change Component Comment : Designator= Old Comment= New Comment=TPAD6R
Change Component Comment : Designator= Old Comment= New Comment=TPAD6R
Change Component Comment : Designator= Old Comment= New Comment=TPAD6R
Change Component Comment : Designator= Old Comment= New Comment=TPAD6R
Change Component Comment : Designator= Old Comment= New Comment=TPAD6R
Change Component Comment : Designator= Old Comment= New Comment=TPAD6R
Change Component Comment : Designator= Old Comment= New Comment=TPAD6R
Change Component Comment : Designator= Old Comment= New Comment=TPAD6R
Change Component Comment : Designator= Old Comment= New Comment=TPAD6R
Change Component Comment : Designator= Old Comment= New Comment=TPAD6R
Change Component Comment : Designator= Old Comment= New Comment=TPAD6R
Change Component Comment : Designator= Old Comment= New Comment=TPAD6R
Change Component Comment : Designator= Old Comment= New Comment=TPAD6R
Change Component Comment : Designator= Old Comment= New Comment=TPAD6R
Change Component Comment : Designator= Old Comment= New Comment=TPAD6R
Change Component Comment : Designator= Old Comment= New Comment=TPAD6R
Change Component Comment : Designator= Old Comment= New Comment=TPAD6R
Change Component Comment : Designator= Old Comment= New Comment=TPAD6R
Change Component Comment : Designator= Old Comment= New Comment=TPAD6R
Change Component Comment : Designator= Old Comment= New Comment=TPAD6R
Change Component Comment : Designator= Old Comment= New Comment=TPAD6R
Change Component Comment : Designator= Old Comment= New Comment=TPAD6R
Change Component Comment : Designator= Old Comment= New Comment=TPAD6R
Change Component Comment : Designator= Old Comment= New Comment=TPAD6R
Change Component Comment : Designator= Old Comment= New Comment=TPAD6R
Change Component Comment : Designator= Old Comment= New Comment=TPAD6R
Change Component Comment : Designator= Old Comment= New Comment=TPAD6R
Change Component Comment : Designator= Old Comment= New Comment=TPAD6R
Change Component Comment : Designator= Old Comment= New Comment=TPAD6R
Change Component Comment : Designator= Old Comment= New Comment=TPAD6R
Change Component Comment : Designator= Old Comment= New Comment=TPAD6R
Change Component Comment : Designator= Old Comment= New Comment=TPAD6R
Change Component Comment : Designator= Old Comment= New Comment=TPAD6R
Change Component Comment : Designator= Old Comment= New Comment=TPAD6R
Change Component Comment : Designator= Old Comment= New Comment=TPAD6R
Change Component Comment : Designator= Old Comment= New Comment=TPAD6R
Change Component Comment : Designator= Old Comment= New Comment=TPAD6R
Change Component Comment : Designator= Old Comment= New Comment=TPAD6R
Change Component Comment : Designator= Old Comment= New Comment=TPAD6R
Change Component Comment : Designator= Old Comment= New Comment=TPAD6R
Change Component Comment : Designator= Old Comment= New Comment=TPAD6R
Change Component Comment : Designator= Old Comment= New Comment=TPAD6R
Change Component Comment : Designator= Old Comment= New Comment=TPAD6R
Change Component Designator: OldDesignator= NewDesignator=A1
Change Component Designator: OldDesignator= NewDesignator=BT?
Change Component Designator: OldDesignator= NewDesignator=C1
Change Component Designator: OldDesignator= NewDesignator=C2
Change Component Designator: OldDesignator= NewDesignator=C3
Change Component Designator: OldDesignator= NewDesignator=C4
Change Component Designator: OldDesignator= NewDesignator=C5
Change Component Designator: OldDesignator= NewDesignator=C6
Change Component Designator: OldDesignator= NewDesignator=C7
Change Component Designator: OldDesignator= NewDesignator=C8
Change Component Designator: OldDesignator= NewDesignator=C9
Change Component Designator: OldDesignator= NewDesignator=C10
Change Component Designator: OldDesignator= NewDesignator=C11
Change Component Designator: OldDesignator= NewDesignator=C12
Change Component Designator: OldDesignator= NewDesignator=C13
Change Component Designator: OldDesignator= NewDesignator=C14
Change Component Designator: OldDesignator= NewDesignator=C15
Change Component Designator: OldDesignator= NewDesignator=C17
Change Component Designator: OldDesignator= NewDesignator=C18
Change Component Designator: OldDesignator= NewDesignator=C19
Change Component Designator: OldDesignator= NewDesignator=C20
Change Component Designator: OldDesignator= NewDesignator=C21
Change Component Designator: OldDesignator= NewDesignator=C22
Change Component Designator: OldDesignator= NewDesignator=C23
Change Component Designator: OldDesignator= NewDesignator=C24
Change Component Designator: OldDesignator= NewDesignator=C25
Change Component Designator: OldDesignator= NewDesignator=C26
Change Component Designator: OldDesignator= NewDesignator=C27
Change Component Designator: OldDesignator= NewDesignator=C28
Change Component Designator: OldDesignator= NewDesignator=CT1
Change Component Designator: OldDesignator= NewDesignator=CT2
Change Component Designator: OldDesignator= NewDesignator=CT3
Change Component Designator: OldDesignator= NewDesignator=CT4
Change Component Designator: OldDesignator= NewDesignator=D1
Change Component Designator: OldDesignator= NewDesignator=L1
Change Component Designator: OldDesignator= NewDesignator=P1
Change Component Designator: OldDesignator= NewDesignator=R1
Change Component Designator: OldDesignator= NewDesignator=R2
Change Component Designator: OldDesignator= NewDesignator=R3
Change Component Designator: OldDesignator= NewDesignator=R4
Change Component Designator: OldDesignator= NewDesignator=R5
Change Component Designator: OldDesignator= NewDesignator=R6
Change Component Designator: OldDesignator= NewDesignator=R7
Change Component Designator: OldDesignator= NewDesignator=SW1
Change Component Designator: OldDesignator= NewDesignator=SW2
Change Component Designator: OldDesignator= NewDesignator=SW3
Change Component Designator: OldDesignator= NewDesignator=TP1
Change Component Designator: OldDesignator= NewDesignator=TP2
Change Component Designator: OldDesignator= NewDesignator=TP3
Change Component Designator: OldDesignator= NewDesignator=TP4
Change Component Designator: OldDesignator= NewDesignator=TP5
Change Component Designator: OldDesignator= NewDesignator=TP6
Change Component Designator: OldDesignator= NewDesignator=TP7
Change Component Designator: OldDesignator= NewDesignator=TP8
Change Component Designator: OldDesignator= NewDesignator=TP9
Change Component Designator: OldDesignator= NewDesignator=TP10
Change Component Designator: OldDesignator= NewDesignator=TP11
Change Component Designator: OldDesignator= NewDesignator=TP12
Change Component Designator: OldDesignator= NewDesignator=TP13
Change Component Designator: OldDesignator= NewDesignator=TP14
Change Component Designator: OldDesignator= NewDesignator=TP15
Change Component Designator: OldDesignator= NewDesignator=TP16
Change Component Designator: OldDesignator= NewDesignator=TP17
Change Component Designator: OldDesignator= NewDesignator=TP18
Change Component Designator: OldDesignator= NewDesignator=TP19
Change Component Designator: OldDesignator= NewDesignator=TP21
Change Component Designator: OldDesignator= NewDesignator=TP23
Change Component Designator: OldDesignator= NewDesignator=TP25
Change Component Designator: OldDesignator= NewDesignator=TP27
Change Component Designator: OldDesignator= NewDesignator=TP28
Change Component Designator: OldDesignator= NewDesignator=TP29
Change Component Designator: OldDesignator= NewDesignator=TP30
Change Component Designator: OldDesignator= NewDesignator=TP31
Change Component Designator: OldDesignator= NewDesignator=TP32
Change Component Designator: OldDesignator= NewDesignator=TP33
Change Component Designator: OldDesignator= NewDesignator=TP34
Change Component Designator: OldDesignator= NewDesignator=TP35
Change Component Designator: OldDesignator= NewDesignator=TP36
Change Component Designator: OldDesignator= NewDesignator=TP37
Change Component Designator: OldDesignator= NewDesignator=TP38
Change Component Designator: OldDesignator= NewDesignator=TP39
Change Component Designator: OldDesignator= NewDesignator=TP40
Change Component Designator: OldDesignator= NewDesignator=TP41
Change Component Designator: OldDesignator= NewDesignator=TP42
Change Component Designator: OldDesignator= NewDesignator=TP43
Change Component Designator: OldDesignator= NewDesignator=TP44
Change Component Designator: OldDesignator= NewDesignator=TP45
Change Component Designator: OldDesignator= NewDesignator=TP46
Change Component Designator: OldDesignator= NewDesignator=TP47
Change Component Designator: OldDesignator= NewDesignator=TP48
Change Component Designator: OldDesignator= NewDesignator=TP49
Change Component Designator: OldDesignator= NewDesignator=TP50
Change Component Designator: OldDesignator= NewDesignator=U1
Change Component Designator: OldDesignator= NewDesignator=U2
Change Component Designator: OldDesignator= NewDesignator=U3
Change Component Designator: OldDesignator= NewDesignator=X1
Change Component Designator: OldDesignator= NewDesignator=X2
Added Member To Class: ClassName=Sheet1 Member=Component A1 NFC Antenna
Added Member To Class: ClassName=Sheet1 Member=Component BT? BU2032SM-BT-GTR; BS-06-B4AK001
Added Member To Class: ClassName=Sheet1 Member=Component C1 N.C.
Added Member To Class: ClassName=Sheet1 Member=Component C2 1.0µF
Added Member To Class: ClassName=Sheet1 Member=Component C3 0.8pF
Added Member To Class: ClassName=Sheet1 Member=Component C4 0.5pF
Added Member To Class: ClassName=Sheet1 Member=Component C5 12pF
Added Member To Class: ClassName=Sheet1 Member=Component C6 1.0µF
Added Member To Class: ClassName=Sheet1 Member=Component C7 100nF
Added Member To Class: ClassName=Sheet1 Member=Component C8 12pF
Added Member To Class: ClassName=Sheet1 Member=Component C9 100nF
Added Member To Class: ClassName=Sheet1 Member=Component C10 12pF
Added Member To Class: ClassName=Sheet1 Member=Component C11 100pF
Added Member To Class: ClassName=Sheet1 Member=Component C12 N.C.
Added Member To Class: ClassName=Sheet1 Member=Component C13 12pF
Added Member To Class: ClassName=Sheet1 Member=Component C14 820pF
Added Member To Class: ClassName=Sheet1 Member=Component C15 4.7µF
Added Member To Class: ClassName=Sheet1 Member=Component C17 4.7µF
Added Member To Class: ClassName=Sheet1 Member=Component C18 100nF
Added Member To Class: ClassName=Sheet1 Member=Component C19 4.7µF
Added Member To Class: ClassName=Sheet1 Member=Component C20 100nF
Added Member To Class: ClassName=Sheet1 Member=Component C21 2.2nF 50V
Added Member To Class: ClassName=Sheet1 Member=Component C22 100nF
Added Member To Class: ClassName=Sheet1 Member=Component C23 100nF
Added Member To Class: ClassName=Sheet1 Member=Component C24 100nF
Added Member To Class: ClassName=Sheet1 Member=Component C25 N.C.
Added Member To Class: ClassName=Sheet1 Member=Component C26 1.5pF
Added Member To Class: ClassName=Sheet1 Member=Component C27 100nF
Added Member To Class: ClassName=Sheet1 Member=Component CT1 Antenna dependent
Added Member To Class: ClassName=Sheet1 Member=Component CT2 Antenna dependent
Added Member To Class: ClassName=Sheet1 Member=Component CT3 Antenna dependent
Added Member To Class: ClassName=Sheet1 Member=Component CT4 Antenna dependent
Added Member To Class: ClassName=Sheet1 Member=Component D1 LTST-C190GKT
Added Member To Class: ClassName=Sheet1 Member=Component L1 4.7nH
Added Member To Class: ClassName=Sheet1 Member=Component P1 DEBUG
Added Member To Class: ClassName=Sheet1 Member=Component R1 0
Added Member To Class: ClassName=Sheet1 Member=Component R2 Resistor 1K +/-5 % 0402 63 mW
Added Member To Class: ClassName=Sheet1 Member=Component R3 Resistor 4k7 +/-1% 0603 100 mW
Added Member To Class: ClassName=Sheet1 Member=Component R4 Resistor 4k7 +/-1% 0603 100 mW
Added Member To Class: ClassName=Sheet1 Member=Component R5 Resistor 1K +/-5 % 0402 63 mW
Added Member To Class: ClassName=Sheet1 Member=Component R6 Resistor 1K +/-5 % 0402 63 mW
Added Member To Class: ClassName=Sheet1 Member=Component R7 Resistor 1K +/-5 % 0402 63 mW
Added Member To Class: ClassName=Sheet1 Member=Component SW1 431181015816
Added Member To Class: ClassName=Sheet1 Member=Component SW2 431181015816
Added Member To Class: ClassName=Sheet1 Member=Component SW3 431181015816
Added Member To Class: ClassName=Sheet1 Member=Component TP1 TPAD6R
Added Member To Class: ClassName=Sheet1 Member=Component TP2 TPAD6R
Added Member To Class: ClassName=Sheet1 Member=Component TP3 TPAD6R
Added Member To Class: ClassName=Sheet1 Member=Component TP4 TPAD6R
Added Member To Class: ClassName=Sheet1 Member=Component TP5 TPAD6R
Added Member To Class: ClassName=Sheet1 Member=Component TP6 TPAD6R
Added Member To Class: ClassName=Sheet1 Member=Component TP7 TPAD6R
Added Member To Class: ClassName=Sheet1 Member=Component TP8 TPAD6R
Added Member To Class: ClassName=Sheet1 Member=Component TP9 TPAD6R
Added Member To Class: ClassName=Sheet1 Member=Component TP10 TPAD6R
Added Member To Class: ClassName=Sheet1 Member=Component TP11 TPAD6R
Added Member To Class: ClassName=Sheet1 Member=Component TP12 TPAD6R
Added Member To Class: ClassName=Sheet1 Member=Component TP13 TPAD6R
Added Member To Class: ClassName=Sheet1 Member=Component TP14 TPAD6R
Added Member To Class: ClassName=Sheet1 Member=Component TP15 TPAD6R
Added Member To Class: ClassName=Sheet1 Member=Component TP16 TPAD6R
Added Member To Class: ClassName=Sheet1 Member=Component TP17 TPAD6R
Added Member To Class: ClassName=Sheet1 Member=Component TP18 TPAD6R
Added Member To Class: ClassName=Sheet1 Member=Component TP19 TPAD6R
Added Member To Class: ClassName=Sheet1 Member=Component TP21 TPAD6R
Added Member To Class: ClassName=Sheet1 Member=Component TP23 TPAD6R
Added Member To Class: ClassName=Sheet1 Member=Component TP25 TPAD6R
Added Member To Class: ClassName=Sheet1 Member=Component TP27 TPAD6R
Added Member To Class: ClassName=Sheet1 Member=Component TP28 TPAD6R
Added Member To Class: ClassName=Sheet1 Member=Component TP29 TPAD6R
Added Member To Class: ClassName=Sheet1 Member=Component TP30 TPAD6R
Added Member To Class: ClassName=Sheet1 Member=Component TP31 TPAD6R
Added Member To Class: ClassName=Sheet1 Member=Component TP32 TPAD6R
Added Member To Class: ClassName=Sheet1 Member=Component TP33 TPAD6R
Added Member To Class: ClassName=Sheet1 Member=Component TP34 TPAD6R
Added Member To Class: ClassName=Sheet1 Member=Component TP35 TPAD6R
Added Member To Class: ClassName=Sheet1 Member=Component TP36 TPAD6R
Added Member To Class: ClassName=Sheet1 Member=Component TP37 TPAD6R
Added Member To Class: ClassName=Sheet1 Member=Component TP38 TPAD6R
Added Member To Class: ClassName=Sheet1 Member=Component TP39 TPAD6R
Added Member To Class: ClassName=Sheet1 Member=Component TP40 TPAD6R
Added Member To Class: ClassName=Sheet1 Member=Component TP41 TPAD6R
Added Member To Class: ClassName=Sheet1 Member=Component TP42 TPAD6R
Added Member To Class: ClassName=Sheet1 Member=Component TP43 TPAD6R
Added Member To Class: ClassName=Sheet1 Member=Component TP44 TPAD6R
Added Member To Class: ClassName=Sheet1 Member=Component TP45 TPAD6R
Added Member To Class: ClassName=Sheet1 Member=Component TP46 TPAD6R
Added Member To Class: ClassName=Sheet1 Member=Component TP47 TPAD6R
Added Member To Class: ClassName=Sheet1 Member=Component TP48 TPAD6R
Added Member To Class: ClassName=Sheet1 Member=Component TP49 TPAD6R
Added Member To Class: ClassName=Sheet1 Member=Component TP50 TPAD6R
Added Member To Class: ClassName=Sheet1 Member=Component U1 nRF52840-QIAA
Added Member To Class: ClassName=Sheet1 Member=Component U2 MPU-6050
Added Member To Class: ClassName=Sheet1 Member=Component U3 BME280
Added Member To Class: ClassName=Sheet1 Member=Component X1 32MHz
Added Member To Class: ClassName=Sheet1 Member=Component X2 32.768kHz
